#-----------------------------------------------------------
# Vivado v2016.2 (64-bit)
# SW Build 1577090 on Thu Jun  2 16:32:40 MDT 2016
# IP Build 1577682 on Fri Jun  3 12:00:54 MDT 2016
# Start of session at: Wed Mar 14 14:58:45 2018
# Process ID: 8580
# Current directory: E:/Modules/EE2026/LabProject/audio_effects
# Command line: vivado.exe -gui_launcher_event rodinguilauncherevent2044 E:\Modules\EE2026\LabProject\audio_effects\audio_effects.xpr
# Log file: E:/Modules/EE2026/LabProject/audio_effects/vivado.log
# Journal file: E:/Modules/EE2026/LabProject/audio_effects\vivado.jou
#-----------------------------------------------------------
start_gui
open_project E:/Modules/EE2026/LabProject/audio_effects/audio_effects.xpr
INFO: [Project 1-313] Project file moved from 'C:/Users/elechuad/Desktop/PrjAr/_X_' since last save.
Scanning sources...
Finished scanning sources
INFO: [IP_Flow 19-234] Refreshing IP repositories
INFO: [IP_Flow 19-1704] No user IP repositories specified
INFO: [IP_Flow 19-2313] Loaded Vivado IP repository 'D:/Xilinx/Vivado/2016.2/data/ip'.
open_project: Time (s): cpu = 00:00:14 ; elapsed = 00:00:06 . Memory (MB): peak = 768.422 ; gain = 93.926
update_compile_order -fileset sources_1
close [ open E:/Modules/EE2026/LabProject/audio_effects/audio_effects.srcs/sources_1/new/Clock_Generator.v w ]
add_files E:/Modules/EE2026/LabProject/audio_effects/audio_effects.srcs/sources_1/new/Clock_Generator.v
update_compile_order -fileset sources_1
update_compile_order -fileset sources_1
exit
INFO: [Common 17-206] Exiting Vivado at Wed Mar 14 15:40:26 2018...
